------------------------ Inicio ----------------------------
Iniciando o monitoramento
Iniciando o monitoramento da CPU
Iniciando o monitoramento de I/O
Iniciando o monitoramento de memoria
Iniciando o monitoramento de rede
Executando WORKLOAD 1 - Contando a qtde de bolsas familia pagas por estado
workload1 finalizado
Imprimindo resultado
------------------------ Inicio ----------------------------
Iniciando o monitoramento
Iniciando o monitoramento da CPU
Iniciando o monitoramento de I/O
Iniciando o monitoramento de memoria
Iniciando o monitoramento de rede
Executando WORKLOAD 1 - Contando a qtde de bolsas familia pagas por estado
workload1 finalizado
Imprimindo resultado
Finalizando o monitoramento
-------------------------------Fim-----------------------------
------------------------ Inicio ----------------------------
Executando WORKLOAD 1 - Contando a qtde de bolsas familia pagas por estado
workload1 finalizado
Imprimindo resultado
-------------------------------Fim-----------------------------
------------------------ Inicio ----------------------------
Executando WORKLOAD 1 - Contando a qtde de bolsas familia pagas por estado
workload1 finalizado
Imprimindo resultado
-------------------------------Fim-----------------------------
